[ 2016-04-21T12:43:39+08:00 ] 127.0.0.1 /wms/index.php/fee/fee_list.html
ERR: 无法加载控制器:Fee

[ 2016-04-21T12:44:12+08:00 ] 127.0.0.1 /wms/index.php/role/role_list.html
ERR: 非法操作:role_list

[ 2016-04-21T12:49:45+08:00 ] 127.0.0.1 /wms/index.php/fee/fee_list.html
ERR: 无法加载控制器:Fee

[ 2016-04-21T13:04:15+08:00 ] 127.0.0.1 /wms/index.php/fee/fee_list.html
ERR: 无法加载控制器:Fee

[ 2016-04-21T13:05:31+08:00 ] 127.0.0.1 /wms/index.php/styles/global_color.css
ERR: 无法加载控制器:Styles

[ 2016-04-21T13:05:31+08:00 ] 127.0.0.1 /wms/index.php/styles/global.css
ERR: 无法加载控制器:Styles

[ 2016-04-21T13:06:35+08:00 ] 127.0.0.1 /wms/index.php/styles/global_color.css
ERR: 无法加载控制器:Styles

[ 2016-04-21T13:06:35+08:00 ] 127.0.0.1 /wms/index.php/styles/global.css
ERR: 无法加载控制器:Styles

[ 2016-04-21T13:06:36+08:00 ] 127.0.0.1 /wms/index.php/styles/global.css
ERR: 无法加载控制器:Styles

[ 2016-04-21T13:06:36+08:00 ] 127.0.0.1 /wms/index.php/styles/global_color.css
ERR: 无法加载控制器:Styles

[ 2016-04-21T13:17:34+08:00 ] 127.0.0.1 /wms/index.php/styles/global_color.css
ERR: 无法加载控制器:Styles

[ 2016-04-21T13:17:34+08:00 ] 127.0.0.1 /wms/index.php/styles/global.css
ERR: 无法加载控制器:Styles

[ 2016-04-21T13:46:24+08:00 ] 127.0.0.1 /wms/index.php/Store/fee_modi.html
ERR: 非法操作:fee_modi

[ 2016-04-21T14:58:36+08:00 ] 127.0.0.1 /wms/index.php/Index/role/role_list.html
ERR: 非法操作:role

[ 2016-04-21T15:27:40+08:00 ] 127.0.0.1 /wms/index.php/styles/global.css
ERR: 无法加载控制器:Styles

[ 2016-04-21T15:27:40+08:00 ] 127.0.0.1 /wms/index.php/styles/global_color.css
ERR: 无法加载控制器:Styles

[ 2016-04-21T15:29:38+08:00 ] 127.0.0.1 /wms/index.php/Store/fee_modi.html
ERR: 非法操作:fee_modi

[ 2016-04-21T15:33:31+08:00 ] 127.0.0.1 /wms/index.php/bill/bill_list.html
ERR: 无法加载控制器:Bill

[ 2016-04-21T15:33:38+08:00 ] 127.0.0.1 /wms/index.php/Account/status/id/13/status/1
INFO: [ app_begin ] --START--
INFO: Run Behavior\ReadHtmlCacheBehavior [ RunTime:0.001001s ]
INFO: [ app_begin ] --END-- [ RunTime:0.002001s ]
SQL: SHOW COLUMNS FROM `wms_user` [ RunTime:0.0040s ]
SQL: UPDATE `wms_user` SET `status`='1' WHERE `id` = 13 [ RunTime:0.0040s ]

[ 2016-04-21T15:33:42+08:00 ] 127.0.0.1 /wms/index.php/Account/status/id/13/status/0
INFO: [ app_begin ] --START--
INFO: Run Behavior\ReadHtmlCacheBehavior [ RunTime:0.001000s ]
INFO: [ app_begin ] --END-- [ RunTime:0.001000s ]
SQL: SHOW COLUMNS FROM `wms_user` [ RunTime:0.0000s ]
SQL: UPDATE `wms_user` SET `status`='0' WHERE `id` = 13 [ RunTime:0.0156s ]

[ 2016-04-21T15:37:50+08:00 ] 127.0.0.1 /wms/index.php/Store/fee_modi.html
ERR: 非法操作:fee_modi

[ 2016-04-21T15:43:46+08:00 ] 127.0.0.1 /wms/index.php/Store/add
INFO: [ app_begin ] --START--
INFO: Run Behavior\ReadHtmlCacheBehavior [ RunTime:0.000000s ]
INFO: [ app_begin ] --END-- [ RunTime:0.000000s ]
NOTIC: [2048] Declaration of Home\Model\StoreModel::_after_delete() should be compatible with Think\Model::_after_delete($data, $options) D:\apache\htdocs\wms\Application\Home\Model\StoreModel.class.php 第 5 行.
SQL: SHOW COLUMNS FROM `wms_store` [ RunTime:0.0156s ]
NOTIC: [8] Undefined index: validate D:\apache\htdocs\wms\ThinkPHP\Library\Think\Model.class.php 第 1185 行.

[ 2016-04-21T15:43:48+08:00 ] 127.0.0.1 /wms/index.php/Store/add
INFO: [ app_begin ] --START--
INFO: Run Behavior\ReadHtmlCacheBehavior [ RunTime:0.001000s ]
INFO: [ app_begin ] --END-- [ RunTime:0.001000s ]
NOTIC: [2048] Declaration of Home\Model\StoreModel::_after_delete() should be compatible with Think\Model::_after_delete($data, $options) D:\apache\htdocs\wms\Application\Home\Model\StoreModel.class.php 第 5 行.
SQL: SHOW COLUMNS FROM `wms_store` [ RunTime:0.0050s ]
NOTIC: [8] Undefined index: validate D:\apache\htdocs\wms\ThinkPHP\Library\Think\Model.class.php 第 1185 行.

[ 2016-04-21T15:43:48+08:00 ] 127.0.0.1 /wms/index.php/Store/add
INFO: [ app_begin ] --START--
INFO: Run Behavior\ReadHtmlCacheBehavior [ RunTime:0.001000s ]
INFO: [ app_begin ] --END-- [ RunTime:0.002000s ]
NOTIC: [2048] Declaration of Home\Model\StoreModel::_after_delete() should be compatible with Think\Model::_after_delete($data, $options) D:\apache\htdocs\wms\Application\Home\Model\StoreModel.class.php 第 5 行.
SQL: SHOW COLUMNS FROM `wms_store` [ RunTime:0.0050s ]
NOTIC: [8] Undefined index: validate D:\apache\htdocs\wms\ThinkPHP\Library\Think\Model.class.php 第 1185 行.

[ 2016-04-21T15:43:48+08:00 ] 127.0.0.1 /wms/index.php/Store/add
INFO: [ app_begin ] --START--
INFO: Run Behavior\ReadHtmlCacheBehavior [ RunTime:0.001000s ]
INFO: [ app_begin ] --END-- [ RunTime:0.001000s ]
NOTIC: [2048] Declaration of Home\Model\StoreModel::_after_delete() should be compatible with Think\Model::_after_delete($data, $options) D:\apache\htdocs\wms\Application\Home\Model\StoreModel.class.php 第 5 行.
SQL: SHOW COLUMNS FROM `wms_store` [ RunTime:0.0070s ]
NOTIC: [8] Undefined index: validate D:\apache\htdocs\wms\ThinkPHP\Library\Think\Model.class.php 第 1185 行.

[ 2016-04-21T15:43:49+08:00 ] 127.0.0.1 /wms/index.php/Store/add
INFO: [ app_begin ] --START--
INFO: Run Behavior\ReadHtmlCacheBehavior [ RunTime:0.002001s ]
INFO: [ app_begin ] --END-- [ RunTime:0.002001s ]
NOTIC: [2048] Declaration of Home\Model\StoreModel::_after_delete() should be compatible with Think\Model::_after_delete($data, $options) D:\apache\htdocs\wms\Application\Home\Model\StoreModel.class.php 第 5 行.
SQL: SHOW COLUMNS FROM `wms_store` [ RunTime:0.0040s ]
NOTIC: [8] Undefined index: validate D:\apache\htdocs\wms\ThinkPHP\Library\Think\Model.class.php 第 1185 行.

[ 2016-04-21T15:43:49+08:00 ] 127.0.0.1 /wms/index.php/Store/add
INFO: [ app_begin ] --START--
INFO: Run Behavior\ReadHtmlCacheBehavior [ RunTime:0.000000s ]
INFO: [ app_begin ] --END-- [ RunTime:0.001000s ]
NOTIC: [2048] Declaration of Home\Model\StoreModel::_after_delete() should be compatible with Think\Model::_after_delete($data, $options) D:\apache\htdocs\wms\Application\Home\Model\StoreModel.class.php 第 5 行.
SQL: SHOW COLUMNS FROM `wms_store` [ RunTime:0.0040s ]
NOTIC: [8] Undefined index: validate D:\apache\htdocs\wms\ThinkPHP\Library\Think\Model.class.php 第 1185 行.

[ 2016-04-21T15:43:50+08:00 ] 127.0.0.1 /wms/index.php/Store/add
INFO: [ app_begin ] --START--
INFO: Run Behavior\ReadHtmlCacheBehavior [ RunTime:0.002000s ]
INFO: [ app_begin ] --END-- [ RunTime:0.002000s ]
NOTIC: [2048] Declaration of Home\Model\StoreModel::_after_delete() should be compatible with Think\Model::_after_delete($data, $options) D:\apache\htdocs\wms\Application\Home\Model\StoreModel.class.php 第 5 行.
SQL: SHOW COLUMNS FROM `wms_store` [ RunTime:0.0060s ]
NOTIC: [8] Undefined index: validate D:\apache\htdocs\wms\ThinkPHP\Library\Think\Model.class.php 第 1185 行.

[ 2016-04-21T15:43:51+08:00 ] 127.0.0.1 /wms/index.php/Store/add
INFO: [ app_begin ] --START--
INFO: Run Behavior\ReadHtmlCacheBehavior [ RunTime:0.001000s ]
INFO: [ app_begin ] --END-- [ RunTime:0.002000s ]
NOTIC: [2048] Declaration of Home\Model\StoreModel::_after_delete() should be compatible with Think\Model::_after_delete($data, $options) D:\apache\htdocs\wms\Application\Home\Model\StoreModel.class.php 第 5 行.
SQL: SHOW COLUMNS FROM `wms_store` [ RunTime:0.0040s ]
NOTIC: [8] Undefined index: validate D:\apache\htdocs\wms\ThinkPHP\Library\Think\Model.class.php 第 1185 行.

[ 2016-04-21T15:43:52+08:00 ] 127.0.0.1 /wms/index.php/Store/add
INFO: [ app_begin ] --START--
INFO: Run Behavior\ReadHtmlCacheBehavior [ RunTime:0.001000s ]
INFO: [ app_begin ] --END-- [ RunTime:0.002000s ]
NOTIC: [2048] Declaration of Home\Model\StoreModel::_after_delete() should be compatible with Think\Model::_after_delete($data, $options) D:\apache\htdocs\wms\Application\Home\Model\StoreModel.class.php 第 5 行.
SQL: SHOW COLUMNS FROM `wms_store` [ RunTime:0.0070s ]
NOTIC: [8] Undefined index: validate D:\apache\htdocs\wms\ThinkPHP\Library\Think\Model.class.php 第 1185 行.

[ 2016-04-21T15:43:53+08:00 ] 127.0.0.1 /wms/index.php/Store/add
INFO: [ app_begin ] --START--
INFO: Run Behavior\ReadHtmlCacheBehavior [ RunTime:0.001000s ]
INFO: [ app_begin ] --END-- [ RunTime:0.001000s ]
NOTIC: [2048] Declaration of Home\Model\StoreModel::_after_delete() should be compatible with Think\Model::_after_delete($data, $options) D:\apache\htdocs\wms\Application\Home\Model\StoreModel.class.php 第 5 行.
SQL: SHOW COLUMNS FROM `wms_store` [ RunTime:0.0000s ]
NOTIC: [8] Undefined index: validate D:\apache\htdocs\wms\ThinkPHP\Library\Think\Model.class.php 第 1185 行.

[ 2016-04-21T15:43:54+08:00 ] 127.0.0.1 /wms/index.php/Store/add
INFO: [ app_begin ] --START--
INFO: Run Behavior\ReadHtmlCacheBehavior [ RunTime:0.002000s ]
INFO: [ app_begin ] --END-- [ RunTime:0.003000s ]
NOTIC: [2048] Declaration of Home\Model\StoreModel::_after_delete() should be compatible with Think\Model::_after_delete($data, $options) D:\apache\htdocs\wms\Application\Home\Model\StoreModel.class.php 第 5 行.
SQL: SHOW COLUMNS FROM `wms_store` [ RunTime:0.0040s ]
NOTIC: [8] Undefined index: validate D:\apache\htdocs\wms\ThinkPHP\Library\Think\Model.class.php 第 1185 行.

[ 2016-04-21T15:51:09+08:00 ] 127.0.0.1 /wms/index.php/Store/edit/id/1
INFO: [ app_begin ] --START--
INFO: Run Behavior\ReadHtmlCacheBehavior [ RunTime:0.001001s ]
INFO: [ app_begin ] --END-- [ RunTime:0.016601s ]
NOTIC: [2048] Declaration of Home\Model\StoreModel::_after_delete() should be compatible with Think\Model::_after_delete($data, $options) D:\apache\htdocs\wms\Application\Home\Model\StoreModel.class.php 第 5 行.
SQL: SHOW COLUMNS FROM `wms_store` [ RunTime:0.0156s ]
SQL: SELECT COUNT(*) AS tp_count FROM wms_store a WHERE a.id = 1 LIMIT 1   [ RunTime:0.0000s ]
SQL: SELECT * FROM wms_store a WHERE a.id = 1 ORDER BY a.id asc LIMIT 0,7   [ RunTime:0.0000s ]
INFO: [ view_parse ] --START--
INFO: [ template_filter ] --START--
INFO: Run Behavior\ContentReplaceBehavior [ RunTime:0.000000s ]
INFO: [ template_filter ] --END-- [ RunTime:0.000000s ]
INFO: Run Behavior\ParseTemplateBehavior [ RunTime:0.015600s ]
INFO: [ view_parse ] --END-- [ RunTime:0.015600s ]
INFO: [ view_filter ] --START--
INFO: Run Behavior\WriteHtmlCacheBehavior [ RunTime:0.000000s ]
INFO: [ view_filter ] --END-- [ RunTime:0.000000s ]
INFO: [ app_end ] --START--
INFO: Run Behavior\ShowPageTraceBehavior [ RunTime:0.000000s ]
INFO: [ app_end ] --END-- [ RunTime:0.000000s ]

[ 2016-04-21T15:56:48+08:00 ] 127.0.0.1 /wms/index.php/Store/edit/id/2
INFO: [ app_begin ] --START--
INFO: Run Behavior\ReadHtmlCacheBehavior [ RunTime:0.001000s ]
INFO: [ app_begin ] --END-- [ RunTime:0.001000s ]
NOTIC: [2048] Declaration of Home\Model\StoreModel::_after_delete() should be compatible with Think\Model::_after_delete($data, $options) D:\apache\htdocs\wms\Application\Home\Model\StoreModel.class.php 第 5 行.
SQL: SHOW COLUMNS FROM `wms_store` [ RunTime:0.0156s ]
SQL: SELECT COUNT(*) AS tp_count FROM wms_store a WHERE a.id = 2 LIMIT 1   [ RunTime:0.0000s ]
SQL: SELECT * FROM wms_store a WHERE a.id = 2 ORDER BY a.id asc LIMIT 0,7   [ RunTime:0.0000s ]
NOTIC: [8] Undefined index: validate D:\apache\htdocs\wms\ThinkPHP\Library\Think\Model.class.php 第 1185 行.
NOTIC: [8] Undefined index: auto D:\apache\htdocs\wms\ThinkPHP\Library\Think\Model.class.php 第 1128 行.
SQL: UPDATE `wms_store` SET `name`='观前街分店',`leader`='李先生',`tel`='0512-5689108',`create_time`='2016-04-14',`address`='苏州市观前街',`desc`='描述内容。。。' WHERE `id` = 2 [ RunTime:0.1560s ]

[ 2016-04-21T15:56:54+08:00 ] 127.0.0.1 /wms/index.php/Store/edit/id/2
INFO: [ app_begin ] --START--
INFO: Run Behavior\ReadHtmlCacheBehavior [ RunTime:0.001000s ]
INFO: [ app_begin ] --END-- [ RunTime:0.001000s ]
NOTIC: [2048] Declaration of Home\Model\StoreModel::_after_delete() should be compatible with Think\Model::_after_delete($data, $options) D:\apache\htdocs\wms\Application\Home\Model\StoreModel.class.php 第 5 行.
SQL: SHOW COLUMNS FROM `wms_store` [ RunTime:0.0000s ]
SQL: SELECT COUNT(*) AS tp_count FROM wms_store a WHERE a.id = 2 LIMIT 1   [ RunTime:0.0000s ]
SQL: SELECT * FROM wms_store a WHERE a.id = 2 ORDER BY a.id asc LIMIT 0,7   [ RunTime:0.0000s ]
NOTIC: [8] Undefined index: validate D:\apache\htdocs\wms\ThinkPHP\Library\Think\Model.class.php 第 1185 行.
NOTIC: [8] Undefined index: auto D:\apache\htdocs\wms\ThinkPHP\Library\Think\Model.class.php 第 1128 行.
SQL: UPDATE `wms_store` SET `name`='观前街分店',`leader`='李先生',`tel`='0512-5689108',`create_time`='2016-04-14',`address`='苏州市观前街',`desc`='描述内容' WHERE `id` = 2 [ RunTime:0.0936s ]

[ 2016-04-21T15:57:25+08:00 ] 127.0.0.1 /wms/index.php/Store/edit/id/2
INFO: [ app_begin ] --START--
INFO: Run Behavior\ReadHtmlCacheBehavior [ RunTime:0.000000s ]
INFO: [ app_begin ] --END-- [ RunTime:0.000000s ]
NOTIC: [2048] Declaration of Home\Model\StoreModel::_after_delete() should be compatible with Think\Model::_after_delete($data, $options) D:\apache\htdocs\wms\Application\Home\Model\StoreModel.class.php 第 5 行.
SQL: SHOW COLUMNS FROM `wms_store` [ RunTime:0.0156s ]
SQL: SELECT COUNT(*) AS tp_count FROM wms_store a WHERE a.id = 2 LIMIT 1   [ RunTime:0.0000s ]
SQL: SELECT * FROM wms_store a WHERE a.id = 2 ORDER BY a.id asc LIMIT 0,7   [ RunTime:0.0000s ]
NOTIC: [8] Undefined index: validate D:\apache\htdocs\wms\ThinkPHP\Library\Think\Model.class.php 第 1185 行.
NOTIC: [8] Undefined index: auto D:\apache\htdocs\wms\ThinkPHP\Library\Think\Model.class.php 第 1128 行.
SQL: UPDATE `wms_store` SET `name`='观前街分店',`leader`='李先生',`tel`='0512-5689108',`create_time`='2016-04-14',`address`='苏州市观前街',`desc`='描述内容' WHERE `id` = 2 [ RunTime:0.0000s ]

[ 2016-04-21T15:57:40+08:00 ] 127.0.0.1 /wms/index.php/Store/status/id/1/status/1
INFO: [ app_begin ] --START--
INFO: Run Behavior\ReadHtmlCacheBehavior [ RunTime:0.002000s ]
INFO: [ app_begin ] --END-- [ RunTime:0.003000s ]
ERR: 非法操作:status

[ 2016-04-21T15:57:42+08:00 ] 127.0.0.1 /wms/index.php/Store/status/id/2/status/0
INFO: [ app_begin ] --START--
INFO: Run Behavior\ReadHtmlCacheBehavior [ RunTime:0.001000s ]
INFO: [ app_begin ] --END-- [ RunTime:0.002000s ]
ERR: 非法操作:status

[ 2016-04-21T16:00:04+08:00 ] 127.0.0.1 /wms/index.php/Store/status/id/2/status/0
INFO: [ app_begin ] --START--
INFO: Run Behavior\ReadHtmlCacheBehavior [ RunTime:0.001000s ]
INFO: [ app_begin ] --END-- [ RunTime:0.002000s ]
SQL: SHOW COLUMNS FROM `wms_store` [ RunTime:0.0060s ]
SQL: UPDATE `wms_store` SET `status`='0' WHERE `id` = 2 [ RunTime:0.1252s ]

[ 2016-04-21T16:01:29+08:00 ] 127.0.0.1 /wms/index.php/Store/status/id/2/status/%E6%AD%A3%E5%B8%B8
INFO: [ app_begin ] --START--
INFO: Run Behavior\ReadHtmlCacheBehavior [ RunTime:0.001000s ]
INFO: [ app_begin ] --END-- [ RunTime:0.001000s ]
SQL: SHOW COLUMNS FROM `wms_store` [ RunTime:0.0040s ]
SQL: UPDATE `wms_store` SET `status`='0' WHERE `id` = 2 [ RunTime:0.2808s ]

[ 2016-04-21T16:01:32+08:00 ] 127.0.0.1 /wms/index.php/Store/status/id/2/status/%E6%AD%A3%E5%B8%B8
INFO: [ app_begin ] --START--
INFO: Run Behavior\ReadHtmlCacheBehavior [ RunTime:0.001000s ]
INFO: [ app_begin ] --END-- [ RunTime:0.001000s ]
SQL: SHOW COLUMNS FROM `wms_store` [ RunTime:0.0000s ]
SQL: UPDATE `wms_store` SET `status`='0' WHERE `id` = 2 [ RunTime:0.2660s ]

[ 2016-04-21T16:01:34+08:00 ] 127.0.0.1 /wms/index.php/Store/status/id/1/status/%E6%9A%82%E5%81%9C
INFO: [ app_begin ] --START--
INFO: Run Behavior\ReadHtmlCacheBehavior [ RunTime:0.000000s ]
INFO: [ app_begin ] --END-- [ RunTime:0.000000s ]
SQL: SHOW COLUMNS FROM `wms_store` [ RunTime:0.0050s ]
SQL: UPDATE `wms_store` SET `status`='0' WHERE `id` = 1 [ RunTime:0.0820s ]

[ 2016-04-21T16:03:20+08:00 ] 127.0.0.1 /wms/index.php/Store/status/id/1/status/0
INFO: [ app_begin ] --START--
INFO: Run Behavior\ReadHtmlCacheBehavior [ RunTime:0.000000s ]
INFO: [ app_begin ] --END-- [ RunTime:0.000000s ]
SQL: SHOW COLUMNS FROM `wms_store` [ RunTime:0.0040s ]
SQL: UPDATE `wms_store` SET `status`='0' WHERE `id` = 1 [ RunTime:0.0230s ]

[ 2016-04-21T16:03:23+08:00 ] 127.0.0.1 /wms/index.php/Store/status/id/2/status/0
INFO: [ app_begin ] --START--
INFO: Run Behavior\ReadHtmlCacheBehavior [ RunTime:0.000000s ]
INFO: [ app_begin ] --END-- [ RunTime:0.001000s ]
SQL: SHOW COLUMNS FROM `wms_store` [ RunTime:0.0000s ]
SQL: UPDATE `wms_store` SET `status`='0' WHERE `id` = 2 [ RunTime:0.1716s ]

[ 2016-04-21T16:03:56+08:00 ] 127.0.0.1 /wms/index.php/Store/status/id/1/status/1
INFO: [ app_begin ] --START--
INFO: Run Behavior\ReadHtmlCacheBehavior [ RunTime:0.001000s ]
INFO: [ app_begin ] --END-- [ RunTime:0.002000s ]
SQL: SHOW COLUMNS FROM `wms_store` [ RunTime:0.0040s ]
SQL: UPDATE `wms_store` SET `status`='1' WHERE `id` = 1 [ RunTime:0.1398s ]

[ 2016-04-21T16:04:58+08:00 ] 127.0.0.1 /wms/index.php/Store/status/id/1/status/0
INFO: [ app_begin ] --START--
INFO: Run Behavior\ReadHtmlCacheBehavior [ RunTime:0.000000s ]
INFO: [ app_begin ] --END-- [ RunTime:0.001000s ]
SQL: SHOW COLUMNS FROM `wms_store` [ RunTime:0.0000s ]
SQL: UPDATE `wms_store` SET `status`='0' WHERE `id` = 1 [ RunTime:0.0156s ]

[ 2016-04-21T16:06:15+08:00 ] 127.0.0.1 /wms/index.php/Store/add
INFO: [ app_begin ] --START--
INFO: Run Behavior\ReadHtmlCacheBehavior [ RunTime:0.001000s ]
INFO: [ app_begin ] --END-- [ RunTime:0.001000s ]
NOTIC: [2048] Declaration of Home\Model\StoreModel::_after_delete() should be compatible with Think\Model::_after_delete($data, $options) D:\apache\htdocs\wms\Application\Home\Model\StoreModel.class.php 第 5 行.
SQL: SHOW COLUMNS FROM `wms_store` [ RunTime:0.0010s ]
NOTIC: [8] Undefined index: validate D:\apache\htdocs\wms\ThinkPHP\Library\Think\Model.class.php 第 1185 行.
SQL: SELECT * FROM `wms_store` WHERE `name` = '1' LIMIT 1   [ RunTime:0.0000s ]
NOTIC: [8] Undefined index: auto D:\apache\htdocs\wms\ThinkPHP\Library\Think\Model.class.php 第 1128 行.
SQL: INSERT INTO `wms_store` (`name`,`leader`,`tel`,`create_time`,`address`,`desc`) VALUES ('1','1','1','2016-04-14','1','1') [ RunTime:0.0156s ]

[ 2016-04-21T16:06:46+08:00 ] 127.0.0.1 /wms/index.php/Store/delete/id/4
INFO: [ app_begin ] --START--
INFO: Run Behavior\ReadHtmlCacheBehavior [ RunTime:0.002000s ]
INFO: [ app_begin ] --END-- [ RunTime:0.002000s ]
NOTIC: [2048] Declaration of Home\Model\UserModel::_after_delete() should be compatible with Think\Model::_after_delete($data, $options) D:\apache\htdocs\wms\Application\Home\Model\UserModel.class.php 第 5 行.
SQL: SHOW COLUMNS FROM `wms_user` [ RunTime:0.0020s ]
SQL: DELETE FROM `wms_user` WHERE `id` = 4 [ RunTime:0.0000s ]
SQL: SHOW COLUMNS FROM `wms_userinfo` [ RunTime:0.0000s ]
SQL: DELETE FROM `wms_userinfo` WHERE `id` = 4 [ RunTime:0.0000s ]

[ 2016-04-21T16:07:20+08:00 ] 127.0.0.1 /wms/index.php/Store/delete/id/4
INFO: [ app_begin ] --START--
INFO: Run Behavior\ReadHtmlCacheBehavior [ RunTime:0.000000s ]
INFO: [ app_begin ] --END-- [ RunTime:0.000000s ]
NOTIC: [2048] Declaration of Home\Model\StoreModel::_after_delete() should be compatible with Think\Model::_after_delete($data, $options) D:\apache\htdocs\wms\Application\Home\Model\StoreModel.class.php 第 5 行.
SQL: SHOW COLUMNS FROM `wms_store` [ RunTime:0.0010s ]
SQL: DELETE FROM `wms_store` WHERE `id` = 4 [ RunTime:0.0156s ]

[ 2016-04-21T16:09:00+08:00 ] 127.0.0.1 /wms/index.php/Store/add
INFO: [ app_begin ] --START--
INFO: Run Behavior\ReadHtmlCacheBehavior [ RunTime:0.000000s ]
INFO: [ app_begin ] --END-- [ RunTime:0.000000s ]
NOTIC: [2048] Declaration of Home\Model\StoreModel::_after_delete() should be compatible with Think\Model::_after_delete($data, $options) D:\apache\htdocs\wms\Application\Home\Model\StoreModel.class.php 第 5 行.
SQL: SHOW COLUMNS FROM `wms_store` [ RunTime:0.0000s ]
NOTIC: [8] Undefined index: validate D:\apache\htdocs\wms\ThinkPHP\Library\Think\Model.class.php 第 1185 行.
SQL: SELECT * FROM `wms_store` WHERE `name` = '工业园区湖东分店' LIMIT 1   [ RunTime:0.0000s ]
NOTIC: [8] Undefined index: auto D:\apache\htdocs\wms\ThinkPHP\Library\Think\Model.class.php 第 1128 行.
SQL: INSERT INTO `wms_store` (`name`,`leader`,`tel`,`create_time`,`address`,`desc`) VALUES ('工业园区湖东分店','赵先生','0512-5689105','2016-04-14','江苏省苏州市工业园区湖东','描述') [ RunTime:0.0312s ]

[ 2016-04-21T16:19:02+08:00 ] 127.0.0.1 /wms/index.php/Admin/edit/id/34
INFO: [ app_begin ] --START--
INFO: Run Behavior\ReadHtmlCacheBehavior [ RunTime:0.001001s ]
INFO: [ app_begin ] --END-- [ RunTime:0.002001s ]
SQL: SHOW COLUMNS FROM `wms_admin` [ RunTime:0.0040s ]
SQL: SELECT COUNT(*) AS tp_count FROM wms_admin a WHERE a.id = 34 LIMIT 1   [ RunTime:0.0000s ]
SQL: SELECT a.*,GROUP_CONCAT(c.role_name) as role_name FROM wms_admin a LEFT JOIN wms_admin_role as b on a.id=b.admin_id LEFT JOIN wms_role as c on c.id=b.role_id  WHERE a.id = 34 GROUP BY b.admin_id ORDER BY a.id asc LIMIT 0,7   [ RunTime:0.0000s ]
NOTIC: [2048] Declaration of Home\Model\RoleModel::_after_delete() should be compatible with Think\Model::_after_delete($data, $options) D:\apache\htdocs\wms\Application\Home\Model\RoleModel.class.php 第 117 行.
SQL: SHOW COLUMNS FROM `wms_role` [ RunTime:0.0030s ]
SQL: SELECT `id`,`role_name` FROM `wms_role`  [ RunTime:0.0000s ]
NOTIC: [8] Undefined index: validate D:\apache\htdocs\wms\ThinkPHP\Library\Think\Model.class.php 第 1185 行.
NOTIC: [8] Undefined index: auto D:\apache\htdocs\wms\ThinkPHP\Library\Think\Model.class.php 第 1128 行.
SQL: UPDATE `wms_admin` SET `nickname`='1',`username`='1',`password`='81d2017f9a08a6bb9e1cd4ffe7dcd902',`tel`='1',`email`='111@qq.com' WHERE `id` = 34 [ RunTime:0.0110s ]
SQL: SHOW COLUMNS FROM `wms_admin_role` [ RunTime:0.0040s ]
SQL: DELETE FROM `wms_admin_role` WHERE `admin_id` = 34 [ RunTime:0.0100s ]
SQL: INSERT INTO `wms_admin_role` (`admin_id`,`role_id`) VALUES ('34','6') [ RunTime:0.0156s ]
SQL: INSERT INTO `wms_admin_role` (`admin_id`,`role_id`) VALUES ('34','7') [ RunTime:0.0156s ]

[ 2016-04-21T16:37:01+08:00 ] 127.0.0.1 /wms/index.php/Admin/delete/id/34
INFO: [ app_begin ] --START--
INFO: Run Behavior\ReadHtmlCacheBehavior [ RunTime:0.002000s ]
INFO: [ app_begin ] --END-- [ RunTime:0.003000s ]
NOTIC: [2048] Declaration of Home\Model\AdminModel::_after_delete() should be compatible with Think\Model::_after_delete($data, $options) D:\apache\htdocs\wms\Application\Home\Model\AdminModel.class.php 第 5 行.
SQL: SHOW COLUMNS FROM `wms_admin` [ RunTime:0.0010s ]
SQL: DELETE FROM `wms_admin` WHERE `id` = 34 [ RunTime:0.2340s ]
SQL: SHOW COLUMNS FROM `wms_role_privilege` [ RunTime:0.0156s ]

[ 2016-04-21T16:39:17+08:00 ] 127.0.0.1 /wms/index.php/Admin/delete/id/34
INFO: [ app_begin ] --START--
INFO: Run Behavior\ReadHtmlCacheBehavior [ RunTime:0.001000s ]
INFO: [ app_begin ] --END-- [ RunTime:0.002000s ]
NOTIC: [2048] Declaration of Home\Model\AdminModel::_after_delete() should be compatible with Think\Model::_after_delete($data, $options) D:\apache\htdocs\wms\Application\Home\Model\AdminModel.class.php 第 5 行.
SQL: SHOW COLUMNS FROM `wms_admin` [ RunTime:0.0060s ]
SQL: DELETE FROM `wms_admin` WHERE `id` = 34 [ RunTime:0.0360s ]
SQL: SHOW COLUMNS FROM `wms_admin_role` [ RunTime:0.0040s ]
SQL: DELETE FROM `wms_admin_role` WHERE `admin_id` = 34 [ RunTime:0.0180s ]

[ 2016-04-21T17:26:26+08:00 ] 127.0.0.1 /wms/index.php/bill/bill_list.html
ERR: 无法加载控制器:Bill

[ 2016-04-21T17:26:28+08:00 ] 127.0.0.1 /wms/index.php/report/report_list.html
ERR: 无法加载控制器:Report

[ 2016-04-21T17:27:50+08:00 ] 127.0.0.1 /wms/index.php/styles/global_color.css
ERR: 无法加载控制器:Styles

[ 2016-04-21T17:27:50+08:00 ] 127.0.0.1 /wms/index.php/styles/global.css
ERR: 无法加载控制器:Styles

[ 2016-04-21T17:36:04+08:00 ] 127.0.0.1 /wms/index.php/styles/global.css
ERR: 无法加载控制器:Styles

[ 2016-04-21T17:36:04+08:00 ] 127.0.0.1 /wms/index.php/styles/global_color.css
ERR: 无法加载控制器:Styles

